<?xml version="1.0" encoding="UTF-8"?>
<!-- Generated by org.testng.reporters.JUnitXMLReporter -->
<testsuite ignored="0" hostname="Prash_Laptop" failures="0" tests="5" name="Test_edge" time="104.197" errors="0" timestamp="2025-03-24T17:30:14 IST">
  <testcase classname="CampaignTest.CreateCampaign" name="createCampaignTest" time="26.951"/>
  <testcase classname="CampaignTest.CreateCampaign" name="createCampaignWithDateTest" time="13.815"/>
  <testcase classname="Login.Login" name="LoginTest" time="8.712"/>
  <testcase classname="Contacts.CreateContact" name="createContactWithCampaignTest" time="33.474"/>
  <testcase classname="Products.CreateProduct" name="createProductTest" time="21.185"/>
</testsuite> <!-- Test_edge -->
