<?xml version="1.0" encoding="UTF-8"?>
<!-- Generated by org.testng.reporters.JUnitXMLReporter -->
<testsuite ignored="0" hostname="Prash_Laptop" failures="0" tests="5" name="Test_chrome" time="100.12" errors="0" timestamp="2025-03-24T17:30:10 IST">
  <testcase classname="CampaignTest.CreateCampaign" name="createCampaignTest" time="25.531"/>
  <testcase classname="CampaignTest.CreateCampaign" name="createCampaignWithDateTest" time="13.654"/>
  <testcase classname="Login.Login" name="LoginTest" time="7.689"/>
  <testcase classname="Contacts.CreateContact" name="createContactWithCampaignTest" time="32.611"/>
  <testcase classname="Products.CreateProduct" name="createProductTest" time="20.567"/>
</testsuite> <!-- Test_chrome -->
